[0m2021.12.25 17:00:14 INFO  Started: Metals version 0.10.9 in workspace '/home/andsantos/scala/scala-project' for client Visual Studio Code 1.62.3.[0m
[0m2021.12.25 17:00:15 INFO  time: initialize in 0.98s[0m
[0m2021.12.25 17:00:15 WARN  Build server is not auto-connectable.[0m
[0m2021.12.25 17:00:15 WARN  no build target for: /home/andsantos/scala/scala-project/build.sbt[0m
[0m2021.12.25 17:00:19 INFO  no build target: using presentation compiler with only scala-library: 3.1.0[0m
[0m2021.12.25 17:00:22 INFO  running '/usr/lib/jvm/java-11-openjdk-amd64/bin/java -Djline.terminal=jline.UnsupportedTerminal -Dsbt.log.noformat=true -Dfile.encoding=UTF-8 -jar /tmp/metals908026567839014368/sbt-launch.jar -Dbloop.export-jar-classifiers=sources bloopInstall'[0m
[0m2021.12.25 17:00:22 ERROR [info] [launcher] getting org.scala-sbt sbt 1.5.2  (this may take some time)...[0m
[0m2021.12.25 17:00:23 WARN  no build target for: /home/andsantos/scala/scala-project/project/metals.sbt[0m
[0m2021.12.25 17:00:23 WARN  no build target for: /home/andsantos/scala/scala-project/project/project/metals.sbt[0m
[0m2021.12.25 17:00:23 INFO  skipping build import with status 'Started'[0m
[0m2021.12.25 17:00:25 INFO  time: code lens generation in 9.26s[0m
dez 25, 2021 5:00:36 PM org.eclipse.lsp4j.jsonrpc.RemoteEndpoint handleCancellation
WARNING: Unmatched cancel notification for request id 5
[0m2021.12.25 17:00:48 INFO  no build target: using presentation compiler with only scala-library: 3.1.0[0m
[0m2021.12.25 17:00:48 INFO  time: evaluated worksheet 'example.worksheet.sc' in 12s[0m
[0m2021.12.25 17:02:11 ERROR downloading https://repo1.maven.org/maven2/org/scala-sbt/sbt/1.5.2/sbt-1.5.2.jar ...[0m
[0m2021.12.25 17:02:11 ERROR downloading https://repo1.maven.org/maven2/org/scala-sbt/main-settings_2.12/1.5.2/main-settings_2.12-1.5.2.jar ...[0m
[0m2021.12.25 17:02:11 ERROR downloading https://repo1.maven.org/maven2/org/scala-sbt/logic_2.12/1.5.2/logic_2.12-1.5.2.jar ...[0m
[0m2021.12.25 17:02:11 ERROR downloading https://repo1.maven.org/maven2/org/scala-sbt/io_2.12/1.5.0/io_2.12-1.5.0.jar ...[0m
[0m2021.12.25 17:02:11 ERROR downloading https://repo1.maven.org/maven2/org/scala-sbt/run_2.12/1.5.2/run_2.12-1.5.2.jar ...[0m
[0m2021.12.25 17:02:11 ERROR downloading https://repo1.maven.org/maven2/org/scala-lang/scala-library/2.12.13/scala-library-2.12.13.jar ...[0m
[0m2021.12.25 17:02:11 ERROR downloading https://repo1.maven.org/maven2/org/scala-sbt/main_2.12/1.5.2/main_2.12-1.5.2.jar ...[0m
[0m2021.12.25 17:02:11 ERROR downloading https://repo1.maven.org/maven2/org/scala-sbt/actions_2.12/1.5.2/actions_2.12-1.5.2.jar ...[0m
[0m2021.12.25 17:02:11 ERROR :: loading settings :: url = jar:file:/tmp/metals908026567839014368/sbt-launch.jar!/org/apache/ivy/core/settings/ivysettings.xml[0m
[0m2021.12.25 17:02:11 ERROR :: loading settings :: url = jar:file:/tmp/metals908026567839014368/sbt-launch.jar!/org/apache/ivy/core/settings/ivysettings.xml[0m
[0m2021.12.25 17:02:11 ERROR :: loading settings :: url = jar:file:/tmp/metals908026567839014368/sbt-launch.jar!/org/apache/ivy/core/settings/ivysettings.xml[0m
[0m2021.12.25 17:02:11 ERROR :: loading settings :: url = jar:file:/tmp/metals908026567839014368/sbt-launch.jar!/org/apache/ivy/core/settings/ivysettings.xml[0m
[0m2021.12.25 17:02:11 ERROR :: loading settings :: url = jar:file:/tmp/metals908026567839014368/sbt-launch.jar!/org/apache/ivy/core/settings/ivysettings.xml[0m
[0m2021.12.25 17:02:11 ERROR :: loading settings :: url = jar:file:/tmp/metals908026567839014368/sbt-launch.jar!/org/apache/ivy/core/settings/ivysettings.xml[0m
[0m2021.12.25 17:02:11 ERROR :: loading settings :: url = jar:file:/tmp/metals908026567839014368/sbt-launch.jar!/org/apache/ivy/core/settings/ivysettings.xml[0m
[0m2021.12.25 17:02:11 ERROR :: loading settings :: url = jar:file:/tmp/metals908026567839014368/sbt-launch.jar!/org/apache/ivy/core/settings/ivysettings.xml[0m
[0m2021.12.25 17:02:11 ERROR 	[SUCCESSFUL ] org.scala-sbt#actions_2.12;1.5.2!actions_2.12.jar (683ms)[0m
[0m2021.12.25 17:02:11 ERROR downloading https://repo1.maven.org/maven2/org/scala-sbt/command_2.12/1.5.2/command_2.12-1.5.2.jar ...[0m
[0m2021.12.25 17:02:11 ERROR 	[SUCCESSFUL ] org.scala-sbt#logic_2.12;1.5.2!logic_2.12.jar (921ms)[0m
[0m2021.12.25 17:02:11 ERROR downloading https://repo1.maven.org/maven2/org/scala-sbt/collections_2.12/1.5.2/collections_2.12-1.5.2.jar ...[0m
[0m2021.12.25 17:02:11 ERROR 	[SUCCESSFUL ] org.scala-sbt#run_2.12;1.5.2!run_2.12.jar (930ms)[0m
[0m2021.12.25 17:02:11 ERROR downloading https://repo1.maven.org/maven2/org/scala-sbt/scripted-plugin_2.12/1.5.2/scripted-plugin_2.12-1.5.2.jar ...[0m
[0m2021.12.25 17:02:11 ERROR 	[SUCCESSFUL ] org.scala-sbt#sbt;1.5.2!sbt.jar (940ms)[0m
[0m2021.12.25 17:02:11 ERROR downloading https://repo1.maven.org/maven2/org/scala-sbt/zinc-lm-integration_2.12/1.5.2/zinc-lm-integration_2.12-1.5.2.jar ...[0m
[0m2021.12.25 17:02:13 ERROR 	[SUCCESSFUL ] org.scala-sbt#main-settings_2.12;1.5.2!main-settings_2.12.jar (1346ms)[0m
[0m2021.12.25 17:02:13 ERROR downloading https://repo1.maven.org/maven2/org/scala-sbt/util-logging_2.12/1.5.2/util-logging_2.12-1.5.2.jar ...[0m
[0m2021.12.25 17:02:13 ERROR 	[SUCCESSFUL ] org.scala-sbt#io_2.12;1.5.0!io_2.12.jar (1359ms)[0m
[0m2021.12.25 17:02:13 ERROR downloading https://repo1.maven.org/maven2/org/scala-lang/modules/scala-xml_2.12/1.3.0/scala-xml_2.12-1.3.0.jar ...[0m
[0m2021.12.25 17:02:13 ERROR 	[SUCCESSFUL ] org.scala-sbt#scripted-plugin_2.12;1.5.2!scripted-plugin_2.12.jar (484ms)[0m
[0m2021.12.25 17:02:13 ERROR downloading https://repo1.maven.org/maven2/org/scala-sbt/launcher-interface/1.3.1/launcher-interface-1.3.1.jar ...[0m
[0m2021.12.25 17:02:13 ERROR 	[SUCCESSFUL ] org.scala-sbt#zinc-lm-integration_2.12;1.5.2!zinc-lm-integration_2.12.jar (523ms)[0m
[0m2021.12.25 17:02:13 ERROR downloading https://repo1.maven.org/maven2/com/github/ben-manes/caffeine/caffeine/2.8.5/caffeine-2.8.5.jar ...[0m
[0m2021.12.25 17:02:13 ERROR 	[SUCCESSFUL ] org.scala-sbt#command_2.12;1.5.2!command_2.12.jar (797ms)[0m
[0m2021.12.25 17:02:13 ERROR downloading https://repo1.maven.org/maven2/io/get-coursier/lm-coursier-shaded_2.12/2.0.8/lm-coursier-shaded_2.12-2.0.8.jar ...[0m
[0m2021.12.25 17:02:13 ERROR 	[SUCCESSFUL ] org.scala-sbt#main_2.12;1.5.2!main_2.12.jar (1581ms)[0m
[0m2021.12.25 17:02:13 ERROR downloading https://repo1.maven.org/maven2/org/apache/logging/log4j/log4j-api/2.11.2/log4j-api-2.11.2.jar ...[0m
[0m2021.12.25 17:02:13 ERROR 	[SUCCESSFUL ] org.scala-sbt#collections_2.12;1.5.2!collections_2.12.jar (765ms)[0m
[0m2021.12.25 17:02:13 ERROR downloading https://repo1.maven.org/maven2/org/apache/logging/log4j/log4j-core/2.11.2/log4j-core-2.11.2.jar ...[0m
[0m2021.12.25 17:02:13 ERROR 	[SUCCESSFUL ] org.scala-lang#scala-library;2.12.13!scala-library.jar (1743ms)[0m
[0m2021.12.25 17:02:13 ERROR downloading https://repo1.maven.org/maven2/org/apache/logging/log4j/log4j-slf4j-impl/2.11.2/log4j-slf4j-impl-2.11.2.jar ...[0m
[0m2021.12.25 17:02:13 ERROR 	[SUCCESSFUL ] org.scala-sbt#util-logging_2.12;1.5.2!util-logging_2.12.jar (565ms)[0m
[0m2021.12.25 17:02:13 ERROR downloading https://repo1.maven.org/maven2/org/scala-sbt/librarymanagement-core_2.12/1.5.0/librarymanagement-core_2.12-1.5.0.jar ...[0m
[0m2021.12.25 17:02:13 ERROR 	[SUCCESSFUL ] org.scala-sbt#launcher-interface;1.3.1!launcher-interface.jar (501ms)[0m
[0m2021.12.25 17:02:13 ERROR downloading https://repo1.maven.org/maven2/org/scala-sbt/librarymanagement-ivy_2.12/1.5.0/librarymanagement-ivy_2.12-1.5.0.jar ...[0m
[0m2021.12.25 17:02:13 ERROR 	[SUCCESSFUL ] org.scala-lang.modules#scala-xml_2.12;1.3.0!scala-xml_2.12.jar(bundle) (569ms)[0m
[0m2021.12.25 17:02:13 ERROR downloading https://repo1.maven.org/maven2/org/scala-sbt/compiler-interface/1.5.3/compiler-interface-1.5.3.jar ...[0m
[0m2021.12.25 17:02:13 ERROR 	[SUCCESSFUL ] org.apache.logging.log4j#log4j-api;2.11.2!log4j-api.jar (496ms)[0m
[0m2021.12.25 17:02:13 ERROR downloading https://repo1.maven.org/maven2/org/scala-sbt/zinc-compile_2.12/1.5.3/zinc-compile_2.12-1.5.3.jar ...[0m
[0m2021.12.25 17:02:13 ERROR 	[SUCCESSFUL ] org.apache.logging.log4j#log4j-slf4j-impl;2.11.2!log4j-slf4j-impl.jar (487ms)[0m
[0m2021.12.25 17:02:13 ERROR downloading https://repo1.maven.org/maven2/org/scala-sbt/util-relation_2.12/1.5.2/util-relation_2.12-1.5.2.jar ...[0m
[0m2021.12.25 17:02:14 ERROR 	[SUCCESSFUL ] com.github.ben-manes.caffeine#caffeine;2.8.5!caffeine.jar (898ms)[0m
[0m2021.12.25 17:02:14 ERROR downloading https://repo1.maven.org/maven2/org/scala-sbt/util-position_2.12/1.5.2/util-position_2.12-1.5.2.jar ...[0m
[0m2021.12.25 17:02:14 ERROR 	[SUCCESSFUL ] org.scala-sbt#compiler-interface;1.5.3!compiler-interface.jar (512ms)[0m
[0m2021.12.25 17:02:14 ERROR 	[SUCCESSFUL ] org.apache.logging.log4j#log4j-core;2.11.2!log4j-core.jar (758ms)[0m
[0m2021.12.25 17:02:14 ERROR downloading https://repo1.maven.org/maven2/com/eed3si9n/sjson-new-scalajson_2.12/0.9.1/sjson-new-scalajson_2.12-0.9.1.jar ...[0m
[0m2021.12.25 17:02:14 ERROR downloading https://repo1.maven.org/maven2/org/scala-lang/scala-reflect/2.12.13/scala-reflect-2.12.13.jar ...[0m
[0m2021.12.25 17:02:14 ERROR 	[SUCCESSFUL ] org.scala-sbt#librarymanagement-ivy_2.12;1.5.0!librarymanagement-ivy_2.12.jar (593ms)[0m
[0m2021.12.25 17:02:14 ERROR downloading https://repo1.maven.org/maven2/com/eed3si9n/sjson-new-core_2.12/0.9.1/sjson-new-core_2.12-0.9.1.jar ...[0m
[0m2021.12.25 17:02:14 ERROR 	[SUCCESSFUL ] io.get-coursier#lm-coursier-shaded_2.12;2.0.8!lm-coursier-shaded_2.12.jar (1051ms)[0m
[0m2021.12.25 17:02:14 ERROR downloading https://repo1.maven.org/maven2/com/eed3si9n/shaded-jawn-parser_2.12/0.9.1/shaded-jawn-parser_2.12-0.9.1.jar ...[0m
[0m2021.12.25 17:02:14 ERROR 	[SUCCESSFUL ] org.scala-sbt#zinc-compile_2.12;1.5.3!zinc-compile_2.12.jar (489ms)[0m
[0m2021.12.25 17:02:14 ERROR downloading https://repo1.maven.org/maven2/com/eed3si9n/shaded-scalajson_2.12/1.0.0-M4/shaded-scalajson_2.12-1.0.0-M4.jar ...[0m
[0m2021.12.25 17:02:14 ERROR 	[SUCCESSFUL ] org.scala-sbt#librarymanagement-core_2.12;1.5.0!librarymanagement-core_2.12.jar (721ms)[0m
[0m2021.12.25 17:02:14 ERROR downloading https://repo1.maven.org/maven2/org/scala-sbt/completion_2.12/1.5.2/completion_2.12-1.5.2.jar ...[0m
[0m2021.12.25 17:02:14 ERROR 	[SUCCESSFUL ] org.scala-sbt#util-relation_2.12;1.5.2!util-relation_2.12.jar (489ms)[0m
[0m2021.12.25 17:02:14 ERROR downloading https://repo1.maven.org/maven2/org/scala-sbt/task-system_2.12/1.5.2/task-system_2.12-1.5.2.jar ...[0m
[0m2021.12.25 17:02:14 ERROR 	[SUCCESSFUL ] org.scala-sbt#util-position_2.12;1.5.2!util-position_2.12.jar (493ms)[0m
[0m2021.12.25 17:02:14 ERROR downloading https://repo1.maven.org/maven2/org/scala-sbt/tasks_2.12/1.5.2/tasks_2.12-1.5.2.jar ...[0m
[0m2021.12.25 17:02:14 ERROR 	[SUCCESSFUL ] com.eed3si9n#sjson-new-scalajson_2.12;0.9.1!sjson-new-scalajson_2.12.jar (499ms)[0m
[0m2021.12.25 17:02:14 ERROR downloading https://repo1.maven.org/maven2/org/scala-sbt/testing_2.12/1.5.2/testing_2.12-1.5.2.jar ...[0m
[0m2021.12.25 17:02:14 ERROR 	[SUCCESSFUL ] com.eed3si9n#shaded-jawn-parser_2.12;0.9.1!shaded-jawn-parser_2.12.jar (520ms)[0m
[0m2021.12.25 17:02:14 ERROR downloading https://repo1.maven.org/maven2/org/scala-sbt/util-tracking_2.12/1.5.2/util-tracking_2.12-1.5.2.jar ...[0m
[0m2021.12.25 17:02:14 ERROR 	[SUCCESSFUL ] com.eed3si9n#shaded-scalajson_2.12;1.0.0-M4!shaded-scalajson_2.12.jar (496ms)[0m
[0m2021.12.25 17:02:14 ERROR downloading https://repo1.maven.org/maven2/org/jline/jline-terminal/3.19.0/jline-terminal-3.19.0.jar ...[0m
[0m2021.12.25 17:02:14 ERROR 	[SUCCESSFUL ] com.eed3si9n#sjson-new-core_2.12;0.9.1!sjson-new-core_2.12.jar (603ms)[0m
[0m2021.12.25 17:02:14 ERROR downloading https://repo1.maven.org/maven2/org/scala-sbt/zinc-classpath_2.12/1.5.3/zinc-classpath_2.12-1.5.3.jar ...[0m
[0m2021.12.25 17:02:14 ERROR 	[SUCCESSFUL ] org.scala-lang#scala-reflect;2.12.13!scala-reflect.jar (688ms)[0m
[0m2021.12.25 17:02:14 ERROR downloading https://repo1.maven.org/maven2/org/scala-sbt/zinc-apiinfo_2.12/1.5.3/zinc-apiinfo_2.12-1.5.3.jar ...[0m
[0m2021.12.25 17:02:14 ERROR 	[SUCCESSFUL ] org.scala-sbt#completion_2.12;1.5.2!completion_2.12.jar (503ms)[0m
[0m2021.12.25 17:02:14 ERROR downloading https://repo1.maven.org/maven2/org/scala-sbt/zinc_2.12/1.5.3/zinc_2.12-1.5.3.jar ...[0m
[0m2021.12.25 17:02:14 ERROR 	[SUCCESSFUL ] org.scala-sbt#task-system_2.12;1.5.2!task-system_2.12.jar (490ms)[0m
[0m2021.12.25 17:02:14 ERROR downloading https://repo1.maven.org/maven2/org/scala-sbt/util-control_2.12/1.5.2/util-control_2.12-1.5.2.jar ...[0m
[0m2021.12.25 17:02:14 ERROR 	[SUCCESSFUL ] org.scala-sbt#tasks_2.12;1.5.2!tasks_2.12.jar (501ms)[0m
[0m2021.12.25 17:02:14 ERROR downloading https://repo1.maven.org/maven2/org/scala-sbt/jline/jline/2.14.7-sbt-a1b0ffbb8f64bb820f4f84a0c07a0c0964507493/jline-2.14.7-sbt-a1b0ffbb8f64bb820f4f84a0c07a0c0964507493.jar ...[0m
[0m2021.12.25 17:02:15 ERROR 	[SUCCESSFUL ] org.scala-sbt#testing_2.12;1.5.2!testing_2.12.jar (510ms)[0m
[0m2021.12.25 17:02:15 ERROR downloading https://repo1.maven.org/maven2/org/jline/jline-reader/3.19.0/jline-reader-3.19.0.jar ...[0m
[0m2021.12.25 17:02:15 ERROR 	[SUCCESSFUL ] org.scala-sbt#util-tracking_2.12;1.5.2!util-tracking_2.12.jar (492ms)[0m
[0m2021.12.25 17:02:15 ERROR downloading https://repo1.maven.org/maven2/org/jline/jline-builtins/3.19.0/jline-builtins-3.19.0.jar ...[0m
[0m2021.12.25 17:02:15 ERROR 	[SUCCESSFUL ] org.jline#jline-terminal;3.19.0!jline-terminal.jar (517ms)[0m
[0m2021.12.25 17:02:15 ERROR downloading https://repo1.maven.org/maven2/org/scala-sbt/util-interface/1.5.2/util-interface-1.5.2.jar ...[0m
[0m2021.12.25 17:02:15 ERROR 	[SUCCESSFUL ] org.scala-sbt#zinc-apiinfo_2.12;1.5.3!zinc-apiinfo_2.12.jar (491ms)[0m
[0m2021.12.25 17:02:15 ERROR downloading https://repo1.maven.org/maven2/org/scala-sbt/core-macros_2.12/1.5.2/core-macros_2.12-1.5.2.jar ...[0m
[0m2021.12.25 17:02:15 ERROR 	[SUCCESSFUL ] org.scala-sbt#zinc_2.12;1.5.3!zinc_2.12.jar (503ms)[0m
[0m2021.12.25 17:02:15 ERROR downloading https://repo1.maven.org/maven2/org/jline/jline-terminal-jna/3.19.0/jline-terminal-jna-3.19.0.jar ...[0m
[0m2021.12.25 17:02:15 ERROR 	[SUCCESSFUL ] org.scala-sbt#zinc-classpath_2.12;1.5.3!zinc-classpath_2.12.jar (531ms)[0m
[0m2021.12.25 17:02:15 ERROR downloading https://repo1.maven.org/maven2/org/jline/jline-terminal-jansi/3.19.0/jline-terminal-jansi-3.19.0.jar ...[0m
[0m2021.12.25 17:02:15 ERROR 	[SUCCESSFUL ] org.scala-sbt#util-control_2.12;1.5.2!util-control_2.12.jar (483ms)[0m
[0m2021.12.25 17:02:15 ERROR downloading https://repo1.maven.org/maven2/com/lmax/disruptor/3.4.2/disruptor-3.4.2.jar ...[0m
[0m2021.12.25 17:02:15 ERROR 	[SUCCESSFUL ] org.jline#jline-reader;3.19.0!jline-reader.jar (495ms)[0m
[0m2021.12.25 17:02:15 ERROR downloading https://repo1.maven.org/maven2/org/scala-lang/scala-compiler/2.12.13/scala-compiler-2.12.13.jar ...[0m
[0m2021.12.25 17:02:15 ERROR 	[SUCCESSFUL ] org.jline#jline-builtins;3.19.0!jline-builtins.jar (493ms)[0m
[0m2021.12.25 17:02:15 ERROR downloading https://repo1.maven.org/maven2/org/fusesource/jansi/jansi/2.1.0/jansi-2.1.0.jar ...[0m
[0m2021.12.25 17:02:15 ERROR 	[SUCCESSFUL ] org.scala-sbt.jline#jline;2.14.7-sbt-a1b0ffbb8f64bb820f4f84a0c07a0c0964507493!jline.jar (714ms)[0m
[0m2021.12.25 17:02:15 ERROR downloading https://repo1.maven.org/maven2/com/swoval/file-tree-views/2.1.6/file-tree-views-2.1.6.jar ...[0m
[0m2021.12.25 17:02:15 ERROR 	[SUCCESSFUL ] org.scala-sbt#util-interface;1.5.2!util-interface.jar (490ms)[0m
[0m2021.12.25 17:02:15 ERROR downloading https://repo1.maven.org/maven2/net/java/dev/jna/jna/5.5.0/jna-5.5.0.jar ...[0m
[0m2021.12.25 17:02:15 ERROR 	[SUCCESSFUL ] org.scala-sbt#core-macros_2.12;1.5.2!core-macros_2.12.jar (486ms)[0m
[0m2021.12.25 17:02:15 ERROR downloading https://repo1.maven.org/maven2/net/java/dev/jna/jna-platform/5.5.0/jna-platform-5.5.0.jar ...[0m
[0m2021.12.25 17:02:15 ERROR 	[SUCCESSFUL ] org.jline#jline-terminal-jna;3.19.0!jline-terminal-jna.jar (495ms)[0m
[0m2021.12.25 17:02:15 ERROR downloading https://repo1.maven.org/maven2/org/jline/jline-style/3.19.0/jline-style-3.19.0.jar ...[0m
[0m2021.12.25 17:02:15 ERROR 	[SUCCESSFUL ] org.jline#jline-terminal-jansi;3.19.0!jline-terminal-jansi.jar (501ms)[0m
[0m2021.12.25 17:02:15 ERROR downloading https://repo1.maven.org/maven2/org/scala-sbt/util-cache_2.12/1.5.2/util-cache_2.12-1.5.2.jar ...[0m
[0m2021.12.25 17:02:15 ERROR 	[SUCCESSFUL ] com.lmax#disruptor;3.4.2!disruptor.jar (485ms)[0m
[0m2021.12.25 17:02:15 ERROR downloading https://repo1.maven.org/maven2/com/eed3si9n/sjson-new-murmurhash_2.12/0.9.1/sjson-new-murmurhash_2.12-0.9.1.jar ...[0m
[0m2021.12.25 17:02:16 ERROR 	[SUCCESSFUL ] org.fusesource.jansi#jansi;2.1.0!jansi.jar (495ms)[0m
[0m2021.12.25 17:02:16 ERROR downloading https://repo1.maven.org/maven2/org/scala-sbt/test-agent/1.5.2/test-agent-1.5.2.jar ...[0m
[0m2021.12.25 17:02:16 ERROR 	[SUCCESSFUL ] com.swoval#file-tree-views;2.1.6!file-tree-views.jar (528ms)[0m
[0m2021.12.25 17:02:16 ERROR downloading https://repo1.maven.org/maven2/org/scala-sbt/test-interface/1.0/test-interface-1.0.jar ...[0m
[0m2021.12.25 17:02:16 ERROR 	[SUCCESSFUL ] org.jline#jline-style;3.19.0!jline-style.jar (494ms)[0m
[0m2021.12.25 17:02:16 ERROR downloading https://repo1.maven.org/maven2/org/scala-sbt/compiler-bridge_2.12/1.5.3/compiler-bridge_2.12-1.5.3.jar ...[0m
[0m2021.12.25 17:02:16 ERROR 	[SUCCESSFUL ] com.eed3si9n#sjson-new-murmurhash_2.12;0.9.1!sjson-new-murmurhash_2.12.jar (485ms)[0m
[0m2021.12.25 17:02:16 ERROR downloading https://repo1.maven.org/maven2/org/scala-sbt/zinc-classfile_2.12/1.5.3/zinc-classfile_2.12-1.5.3.jar ...[0m
[0m2021.12.25 17:02:16 ERROR 	[SUCCESSFUL ] org.scala-sbt#util-cache_2.12;1.5.2!util-cache_2.12.jar (551ms)[0m
[0m2021.12.25 17:02:16 ERROR downloading https://repo1.maven.org/maven2/com/jcraft/jsch/0.1.54/jsch-0.1.54.jar ...[0m
[0m2021.12.25 17:02:16 ERROR 	[SUCCESSFUL ] net.java.dev.jna#jna;5.5.0!jna.jar (646ms)[0m
[0m2021.12.25 17:02:16 ERROR downloading https://repo1.maven.org/maven2/com/eed3si9n/gigahorse-okhttp_2.12/0.5.0/gigahorse-okhttp_2.12-0.5.0.jar ...[0m
[0m2021.12.25 17:02:16 ERROR 	[SUCCESSFUL ] net.java.dev.jna#jna-platform;5.5.0!jna-platform.jar (689ms)[0m
[0m2021.12.25 17:02:16 ERROR downloading https://repo1.maven.org/maven2/com/squareup/okhttp3/okhttp-urlconnection/3.7.0/okhttp-urlconnection-3.7.0.jar ...[0m
[0m2021.12.25 17:02:16 ERROR 	[SUCCESSFUL ] org.scala-lang#scala-compiler;2.12.13!scala-compiler.jar (934ms)[0m
[0m2021.12.25 17:02:16 ERROR downloading https://repo1.maven.org/maven2/com/eed3si9n/gigahorse-core_2.12/0.5.0/gigahorse-core_2.12-0.5.0.jar ...[0m
[0m2021.12.25 17:02:16 ERROR 	[SUCCESSFUL ] org.scala-sbt#test-agent;1.5.2!test-agent.jar (488ms)[0m
[0m2021.12.25 17:02:16 ERROR downloading https://repo1.maven.org/maven2/com/squareup/okhttp3/okhttp/3.14.2/okhttp-3.14.2.jar ...[0m
[0m2021.12.25 17:02:16 ERROR 	[SUCCESSFUL ] org.scala-sbt#test-interface;1.0!test-interface.jar (495ms)[0m
[0m2021.12.25 17:02:16 ERROR downloading https://repo1.maven.org/maven2/com/typesafe/ssl-config-core_2.12/0.4.0/ssl-config-core_2.12-0.4.0.jar ...[0m
[0m2021.12.25 17:02:16 ERROR 	[SUCCESSFUL ] org.scala-sbt#compiler-bridge_2.12;1.5.3!compiler-bridge_2.12.jar (499ms)[0m
[0m2021.12.25 17:02:16 ERROR downloading https://repo1.maven.org/maven2/org/reactivestreams/reactive-streams/1.0.2/reactive-streams-1.0.2.jar ...[0m
[0m2021.12.25 17:02:16 ERROR 	[SUCCESSFUL ] org.scala-sbt#zinc-classfile_2.12;1.5.3!zinc-classfile_2.12.jar (489ms)[0m
[0m2021.12.25 17:02:16 ERROR downloading https://repo1.maven.org/maven2/org/slf4j/slf4j-api/1.7.26/slf4j-api-1.7.26.jar ...[0m
[0m2021.12.25 17:02:16 ERROR 	[SUCCESSFUL ] com.jcraft#jsch;0.1.54!jsch.jar (531ms)[0m
[0m2021.12.25 17:02:16 ERROR downloading https://repo1.maven.org/maven2/org/scala-lang/modules/scala-parser-combinators_2.12/1.1.2/scala-parser-combinators_2.12-1.1.2.jar ...[0m
[0m2021.12.25 17:02:16 ERROR 	[SUCCESSFUL ] com.eed3si9n#gigahorse-okhttp_2.12;0.5.0!gigahorse-okhttp_2.12.jar (513ms)[0m
[0m2021.12.25 17:02:16 ERROR downloading https://repo1.maven.org/maven2/com/typesafe/config/1.3.3/config-1.3.3.jar ...[0m
[0m2021.12.25 17:02:16 ERROR 	[SUCCESSFUL ] com.squareup.okhttp3#okhttp-urlconnection;3.7.0!okhttp-urlconnection.jar (484ms)[0m
[0m2021.12.25 17:02:16 ERROR downloading https://repo1.maven.org/maven2/com/squareup/okio/okio/1.17.2/okio-1.17.2.jar ...[0m
[0m2021.12.25 17:02:16 ERROR 	[SUCCESSFUL ] com.eed3si9n#gigahorse-core_2.12;0.5.0!gigahorse-core_2.12.jar (494ms)[0m
[0m2021.12.25 17:02:16 ERROR downloading https://repo1.maven.org/maven2/org/scala-sbt/zinc-core_2.12/1.5.3/zinc-core_2.12-1.5.3.jar ...[0m
[0m2021.12.25 17:02:16 ERROR 	[SUCCESSFUL ] com.squareup.okhttp3#okhttp;3.14.2!okhttp.jar (498ms)[0m
[0m2021.12.25 17:02:16 ERROR downloading https://repo1.maven.org/maven2/org/scala-sbt/zinc-persist_2.12/1.5.3/zinc-persist_2.12-1.5.3.jar ...[0m
[0m2021.12.25 17:02:17 ERROR 	[SUCCESSFUL ] org.reactivestreams#reactive-streams;1.0.2!reactive-streams.jar (491ms)[0m
[0m2021.12.25 17:02:17 ERROR downloading https://repo1.maven.org/maven2/org/scala-sbt/zinc-compile-core_2.12/1.5.3/zinc-compile-core_2.12-1.5.3.jar ...[0m
[0m2021.12.25 17:02:17 ERROR 	[SUCCESSFUL ] com.typesafe#ssl-config-core_2.12;0.4.0!ssl-config-core_2.12.jar(bundle) (536ms)[0m
[0m2021.12.25 17:02:17 ERROR downloading https://repo1.maven.org/maven2/org/scala-sbt/zinc-persist-core-assembly/1.5.3/zinc-persist-core-assembly-1.5.3.jar ...[0m
[0m2021.12.25 17:02:17 ERROR 	[SUCCESSFUL ] org.slf4j#slf4j-api;1.7.26!slf4j-api.jar (484ms)[0m
[0m2021.12.25 17:02:17 ERROR downloading https://repo1.maven.org/maven2/net/openhft/zero-allocation-hashing/0.10.1/zero-allocation-hashing-0.10.1.jar ...[0m
[0m2021.12.25 17:02:17 ERROR 	[SUCCESSFUL ] org.scala-lang.modules#scala-parser-combinators_2.12;1.1.2!scala-parser-combinators_2.12.jar(bundle) (504ms)[0m
[0m2021.12.25 17:02:17 ERROR downloading https://repo1.maven.org/maven2/org/scala-sbt/sbinary_2.12/0.5.1/sbinary_2.12-0.5.1.jar ...[0m
[0m2021.12.25 17:02:17 ERROR 	[SUCCESSFUL ] com.typesafe#config;1.3.3!config.jar(bundle) (529ms)[0m
[0m2021.12.25 17:02:17 ERROR downloading https://repo1.maven.org/maven2/org/scala-sbt/protocol_2.12/1.5.2/protocol_2.12-1.5.2.jar ...[0m
[0m2021.12.25 17:02:17 ERROR 	[SUCCESSFUL ] com.squareup.okio#okio;1.17.2!okio.jar (500ms)[0m
[0m2021.12.25 17:02:17 ERROR downloading https://repo1.maven.org/maven2/org/scala-sbt/template-resolver/0.1/template-resolver-0.1.jar ...[0m
[0m2021.12.25 17:02:17 ERROR 	[SUCCESSFUL ] org.scala-sbt#zinc-core_2.12;1.5.3!zinc-core_2.12.jar (513ms)[0m
[0m2021.12.25 17:02:17 ERROR downloading https://repo1.maven.org/maven2/org/scala-sbt/ipcsocket/ipcsocket/1.3.0/ipcsocket-1.3.0.jar ...[0m
[0m2021.12.25 17:02:17 ERROR 	[SUCCESSFUL ] org.scala-sbt#zinc-persist_2.12;1.5.3!zinc-persist_2.12.jar (499ms)[0m
[0m2021.12.25 17:02:17 ERROR downloading https://repo1.maven.org/maven2/org/checkerframework/checker-qual/3.4.1/checker-qual-3.4.1.jar ...[0m
[0m2021.12.25 17:02:17 ERROR 	[SUCCESSFUL ] org.scala-sbt#zinc-compile-core_2.12;1.5.3!zinc-compile-core_2.12.jar (501ms)[0m
[0m2021.12.25 17:02:17 ERROR 	[SUCCESSFUL ] net.openhft#zero-allocation-hashing;0.10.1!zero-allocation-hashing.jar(bundle) (487ms)[0m
[0m2021.12.25 17:02:17 ERROR downloading https://repo1.maven.org/maven2/org/scala-lang/modules/scala-collection-compat_2.12/2.4.2/scala-collection-compat_2.12-2.4.2.jar ...[0m
[0m2021.12.25 17:02:17 ERROR downloading https://repo1.maven.org/maven2/com/google/errorprone/error_prone_annotations/2.4.0/error_prone_annotations-2.4.0.jar ...[0m
[0m2021.12.25 17:02:17 ERROR 	[SUCCESSFUL ] org.scala-sbt#sbinary_2.12;0.5.1!sbinary_2.12.jar (502ms)[0m
[0m2021.12.25 17:02:17 ERROR downloading https://repo1.maven.org/maven2/org/scala-sbt/ivy/ivy/2.3.0-sbt-fbc4f586aeeb1591710b14eb4f41b94880dcd745/ivy-2.3.0-sbt-fbc4f586aeeb1591710b14eb4f41b94880dcd745.jar ...[0m
[0m2021.12.25 17:02:17 ERROR 	[SUCCESSFUL ] org.scala-sbt#template-resolver;0.1!template-resolver.jar (488ms)[0m
[0m2021.12.25 17:02:17 ERROR 	[SUCCESSFUL ] org.scala-sbt#protocol_2.12;1.5.2!protocol_2.12.jar (518ms)[0m
[0m2021.12.25 17:02:17 ERROR 	[SUCCESSFUL ] org.scala-sbt.ipcsocket#ipcsocket;1.3.0!ipcsocket.jar (513ms)[0m
[0m2021.12.25 17:02:17 ERROR 	[SUCCESSFUL ] org.scala-sbt#zinc-persist-core-assembly;1.5.3!zinc-persist-core-assembly.jar (837ms)[0m
[0m2021.12.25 17:02:17 ERROR 	[SUCCESSFUL ] org.checkerframework#checker-qual;3.4.1!checker-qual.jar (494ms)[0m
[0m2021.12.25 17:02:17 ERROR 	[SUCCESSFUL ] com.google.errorprone#error_prone_annotations;2.4.0!error_prone_annotations.jar (494ms)[0m
[0m2021.12.25 17:02:18 ERROR 	[SUCCESSFUL ] org.scala-lang.modules#scala-collection-compat_2.12;2.4.2!scala-collection-compat_2.12.jar (502ms)[0m
[0m2021.12.25 17:02:18 ERROR 	[SUCCESSFUL ] org.scala-sbt.ivy#ivy;2.3.0-sbt-fbc4f586aeeb1591710b14eb4f41b94880dcd745!ivy.jar (542ms)[0m
[0m2021.12.25 17:02:18 ERROR :: retrieving :: org.scala-sbt#boot-app[0m
[0m2021.12.25 17:02:18 ERROR 	confs: [default][0m
[0m2021.12.25 17:02:18 ERROR 	83 artifacts copied, 0 already retrieved[0m
[0m2021.12.25 17:02:18 ERROR [info] [launcher] getting Scala 2.12.13 (for sbt)...[0m
[0m2021.12.25 17:02:27 ERROR downloading https://repo1.maven.org/maven2/org/scala-lang/modules/scala-xml_2.12/1.0.6/scala-xml_2.12-1.0.6.jar ...[0m
[0m2021.12.25 17:02:27 ERROR downloading https://repo1.maven.org/maven2/jline/jline/2.14.6/jline-2.14.6.jar ...[0m
[0m2021.12.25 17:02:27 ERROR downloading https://repo1.maven.org/maven2/org/fusesource/jansi/jansi/1.12/jansi-1.12.jar ...[0m
[0m2021.12.25 17:02:27 ERROR 	[SUCCESSFUL ] org.scala-lang.modules#scala-xml_2.12;1.0.6!scala-xml_2.12.jar(bundle) (506ms)[0m
[0m2021.12.25 17:02:28 ERROR 	[SUCCESSFUL ] org.fusesource.jansi#jansi;1.12!jansi.jar (1028ms)[0m
[0m2021.12.25 17:02:28 ERROR 	[SUCCESSFUL ] jline#jline;2.14.6!jline.jar (1125ms)[0m
[0m2021.12.25 17:02:28 ERROR :: retrieving :: org.scala-sbt#boot-scala[0m
[0m2021.12.25 17:02:28 ERROR 	confs: [default][0m
[0m2021.12.25 17:02:28 ERROR 	6 artifacts copied, 0 already retrieved[0m
[0m2021.12.25 17:02:29 INFO  [info] welcome to sbt 1.5.2 (Ubuntu Java 11.0.13)[0m
[0m2021.12.25 17:02:30 INFO  [info] loading settings for project scala-project-build-build from metals.sbt ...[0m
[0m2021.12.25 17:02:30 INFO  [info] loading project definition from /home/andsantos/scala/scala-project/project/project[0m
[0m2021.12.25 17:02:35 INFO  [info] loading settings for project scala-project-build from metals.sbt ...[0m
[0m2021.12.25 17:02:35 INFO  [info] loading project definition from /home/andsantos/scala/scala-project/project[0m
[0m2021.12.25 17:02:43 INFO  [success] Generated .bloop/scala-project-build.json[0m
[0m2021.12.25 17:02:43 INFO  [success] Total time: 8 s, completed 25 de dez de 2021 17:02:43[0m
[0m2021.12.25 17:02:43 INFO  [info] loading settings for project scala-project from build.sbt ...[0m
[0m2021.12.25 17:02:43 INFO  [info] set current project to scala-project (in build file:/home/andsantos/scala/scala-project/)[0m
[0m2021.12.25 17:02:49 INFO  [success] Generated .bloop/scala-project.json[0m
[0m2021.12.25 17:02:49 INFO  [success] Generated .bloop/scala-project-test.json[0m
[0m2021.12.25 17:02:49 INFO  [success] Total time: 6 s, completed 25 de dez de 2021 17:02:49[0m
[0m2021.12.25 17:02:50 INFO  time: ran 'sbt bloopInstall' in 2m27s[0m
[0m2021.12.25 17:02:50 INFO  Attempting to connect to the build server...[0m
Starting the bsp launcher for bloop...
Opening a bsp server connection with 'bsp --protocol local --socket /tmp/bsp-launcher336074192654240167/bsp.socket'...
Waiting for the bsp connection to come up...
Waiting for the bsp connection to come up...
Waiting for the bsp connection to come up...
Waiting for the bsp connection to come up...
Waiting for the bsp connection to come up...
Waiting for the bsp connection to come up...
Waiting for the bsp connection to come up...
Waiting for the bsp connection to come up...
Waiting for the bsp connection to come up...
Waiting for the bsp connection to come up...
Waiting for the bsp connection to come up...
Waiting for the bsp connection to come up...
No server running at 127.0.0.1:8212, let's fire one...
Resolving ch.epfl.scala:bloop-frontend_2.12:1.4.11...
Starting bloop server at 127.0.0.1:8212...
Attempting a connection to the server...
Attempting a connection to the server...
Attempting a connection to the server...
[0m[32m[D][0m Loading 2 projects from '/home/andsantos/scala/scala-project/.bloop'...
[0m[32m[D][0m Loading project from '/home/andsantos/scala/scala-project/.bloop/scala-project-test.json'
[0m[32m[D][0m Loading project from '/home/andsantos/scala/scala-project/.bloop/scala-project.json'
[0m[32m[D][0m Cache miss for scala instance org.scala-lang:scala-compiler:3.0.0.
[0m[32m[D][0m   => /home/andsantos/.cache/coursier/v1/https/repo1.maven.org/maven2/com/fasterxml/jackson/core/jackson-annotations/2.2.3/jackson-annotations-2.2.3.jar
[0m[32m[D][0m   => /home/andsantos/.cache/coursier/v1/https/repo1.maven.org/maven2/com/fasterxml/jackson/core/jackson-core/2.9.8/jackson-core-2.9.8.jar
[0m[32m[D][0m   => /home/andsantos/.cache/coursier/v1/https/repo1.maven.org/maven2/com/fasterxml/jackson/core/jackson-databind/2.2.3/jackson-databind-2.2.3.jar
[0m[32m[D][0m   => /home/andsantos/.cache/coursier/v1/https/repo1.maven.org/maven2/com/fasterxml/jackson/dataformat/jackson-dataformat-yaml/2.9.8/jackson-dataformat-yaml-2.9.8.jar
[0m[32m[D][0m   => /home/andsantos/.cache/coursier/v1/https/repo1.maven.org/maven2/com/google/protobuf/protobuf-java/3.7.0/protobuf-java-3.7.0.jar
[0m[32m[D][0m   => /home/andsantos/.cache/coursier/v1/https/repo1.maven.org/maven2/com/vladsch/flexmark/flexmark-ext-anchorlink/0.42.12/flexmark-ext-anchorlink-0.42.12.jar
[0m[32m[D][0m   => /home/andsantos/.cache/coursier/v1/https/repo1.maven.org/maven2/com/vladsch/flexmark/flexmark-ext-autolink/0.42.12/flexmark-ext-autolink-0.42.12.jar
[0m[32m[D][0m   => /home/andsantos/.cache/coursier/v1/https/repo1.maven.org/maven2/com/vladsch/flexmark/flexmark-ext-emoji/0.42.12/flexmark-ext-emoji-0.42.12.jar
[0m[32m[D][0m   => /home/andsantos/.cache/coursier/v1/https/repo1.maven.org/maven2/com/vladsch/flexmark/flexmark-ext-gfm-strikethrough/0.42.12/flexmark-ext-gfm-strikethrough-0.42.12.jar
[0m[32m[D][0m   => /home/andsantos/.cache/coursier/v1/https/repo1.maven.org/maven2/com/vladsch/flexmark/flexmark-ext-gfm-tables/0.42.12/flexmark-ext-gfm-tables-0.42.12.jar
[0m[32m[D][0m   => /home/andsantos/.cache/coursier/v1/https/repo1.maven.org/maven2/com/vladsch/flexmark/flexmark-ext-gfm-tasklist/0.42.12/flexmark-ext-gfm-tasklist-0.42.12.jar
[0m[32m[D][0m   => /home/andsantos/.cache/coursier/v1/https/repo1.maven.org/maven2/com/vladsch/flexmark/flexmark-ext-ins/0.42.12/flexmark-ext-ins-0.42.12.jar
[0m[32m[D][0m   => /home/andsantos/.cache/coursier/v1/https/repo1.maven.org/maven2/com/vladsch/flexmark/flexmark-ext-superscript/0.42.12/flexmark-ext-superscript-0.42.12.jar
[0m[32m[D][0m   => /home/andsantos/.cache/coursier/v1/https/repo1.maven.org/maven2/com/vladsch/flexmark/flexmark-ext-tables/0.42.12/flexmark-ext-tables-0.42.12.jar
[0m[32m[D][0m   => /home/andsantos/.cache/coursier/v1/https/repo1.maven.org/maven2/com/vladsch/flexmark/flexmark-ext-wikilink/0.42.12/flexmark-ext-wikilink-0.42.12.jar
[0m[32m[D][0m   => /home/andsantos/.cache/coursier/v1/https/repo1.maven.org/maven2/com/vladsch/flexmark/flexmark-ext-yaml-front-matter/0.42.12/flexmark-ext-yaml-front-matter-0.42.12.jar
[0m[32m[D][0m   => /home/andsantos/.cache/coursier/v1/https/repo1.maven.org/maven2/com/vladsch/flexmark/flexmark-formatter/0.42.12/flexmark-formatter-0.42.12.jar
[0m[32m[D][0m   => /home/andsantos/.cache/coursier/v1/https/repo1.maven.org/maven2/com/vladsch/flexmark/flexmark-html-parser/0.42.12/flexmark-html-parser-0.42.12.jar
[0m[32m[D][0m   => /home/andsantos/.cache/coursier/v1/https/repo1.maven.org/maven2/com/vladsch/flexmark/flexmark-jira-converter/0.42.12/flexmark-jira-converter-0.42.12.jar
[0m[32m[D][0m   => /home/andsantos/.cache/coursier/v1/https/repo1.maven.org/maven2/com/vladsch/flexmark/flexmark-util/0.42.12/flexmark-util-0.42.12.jar
[0m[32m[D][0m   => /home/andsantos/.cache/coursier/v1/https/repo1.maven.org/maven2/com/vladsch/flexmark/flexmark/0.42.12/flexmark-0.42.12.jar
[0m[32m[D][0m   => /home/andsantos/.cache/coursier/v1/https/repo1.maven.org/maven2/net/java/dev/jna/jna/5.3.1/jna-5.3.1.jar
[0m[32m[D][0m   => /home/andsantos/.cache/coursier/v1/https/repo1.maven.org/maven2/nl/big-o/liqp/0.6.7/liqp-0.6.7.jar
[0m[32m[D][0m   => /home/andsantos/.cache/coursier/v1/https/repo1.maven.org/maven2/org/antlr/ST4/4.0.7/ST4-4.0.7.jar
[0m[32m[D][0m   => /home/andsantos/.cache/coursier/v1/https/repo1.maven.org/maven2/org/antlr/antlr-runtime/3.5.1/antlr-runtime-3.5.1.jar
[0m[32m[D][0m   => /home/andsantos/.cache/coursier/v1/https/repo1.maven.org/maven2/org/antlr/antlr/3.5.1/antlr-3.5.1.jar
[0m[32m[D][0m   => /home/andsantos/.cache/coursier/v1/https/repo1.maven.org/maven2/org/jline/jline-reader/3.19.0/jline-reader-3.19.0.jar
[0m[32m[D][0m   => /home/andsantos/.cache/coursier/v1/https/repo1.maven.org/maven2/org/jline/jline-terminal-jna/3.19.0/jline-terminal-jna-3.19.0.jar
[0m[32m[D][0m   => /home/andsantos/.cache/coursier/v1/https/repo1.maven.org/maven2/org/jline/jline-terminal/3.19.0/jline-terminal-3.19.0.jar
[0m[32m[D][0m   => /home/andsantos/.cache/coursier/v1/https/repo1.maven.org/maven2/org/jsoup/jsoup/1.13.1/jsoup-1.13.1.jar
[0m[32m[D][0m   => /home/andsantos/.cache/coursier/v1/https/repo1.maven.org/maven2/org/nibor/autolink/autolink/0.6.0/autolink-0.6.0.jar
[0m[32m[D][0m   => /home/andsantos/.cache/coursier/v1/https/repo1.maven.org/maven2/org/scala-lang/modules/scala-asm/9.1.0-scala-1/scala-asm-9.1.0-scala-1.jar
[0m[32m[D][0m   => /home/andsantos/.cache/coursier/v1/https/repo1.maven.org/maven2/org/scala-lang/scala-library/2.13.5/scala-library-2.13.5.jar
[0m[32m[D][0m   => /home/andsantos/.cache/coursier/v1/https/repo1.maven.org/maven2/org/scala-lang/scala3-compiler_3/3.0.0/scala3-compiler_3-3.0.0.jar
[0m[32m[D][0m   => /home/andsantos/.cache/coursier/v1/https/repo1.maven.org/maven2/org/scala-lang/scala3-interfaces/3.0.0/scala3-interfaces-3.0.0.jar
[0m[32m[D][0m   => /home/andsantos/.cache/coursier/v1/https/repo1.maven.org/maven2/org/scala-lang/scala3-library_3/3.0.0/scala3-library_3-3.0.0.jar
[0m[32m[D][0m   => /home/andsantos/.cache/coursier/v1/https/repo1.maven.org/maven2/org/scala-lang/scala3-tasty-inspector_3/3.0.0/scala3-tasty-inspector_3-3.0.0.jar
[0m[32m[D][0m   => /home/andsantos/.cache/coursier/v1/https/repo1.maven.org/maven2/org/scala-lang/scaladoc_3/3.0.0/scaladoc_3-3.0.0.jar
[0m[32m[D][0m   => /home/andsantos/.cache/coursier/v1/https/repo1.maven.org/maven2/org/scala-lang/tasty-core_3/3.0.0/tasty-core_3-3.0.0.jar
[0m[32m[D][0m   => /home/andsantos/.cache/coursier/v1/https/repo1.maven.org/maven2/org/scala-sbt/compiler-interface/1.3.5/compiler-interface-1.3.5.jar
[0m[32m[D][0m   => /home/andsantos/.cache/coursier/v1/https/repo1.maven.org/maven2/org/scala-sbt/util-interface/1.3.0/util-interface-1.3.0.jar
[0m[32m[D][0m   => /home/andsantos/.cache/coursier/v1/https/repo1.maven.org/maven2/org/yaml/snakeyaml/1.23/snakeyaml-1.23.jar
[0m[32m[D][0m Missing analysis file for project 'scala-project-test'
[0m[32m[D][0m Missing analysis file for project 'scala-project'
[0m[32m[D][0m Waiting for a connection at local:///tmp/bsp-launcher336074192654240167/bsp.socket...
The server is listening for incoming connections at local:///tmp/bsp-launcher336074192654240167/bsp.socket...
Starting thread that pumps stdin and redirects it to the bsp server...
Starting thread that pumps server stdout and redirects it to the client stdout...
[0m2021.12.25 17:03:01 INFO  tracing is disabled for protocol BSP, to enable tracing of incoming and outgoing JSON messages create an empty file at /home/andsantos/.cache/metals/bsp.trace.json[0m
[0m2021.12.25 17:03:01 INFO  Attempting to connect to the build server...[0m
Starting the bsp launcher for bloop...
Opening a bsp server connection with 'bsp --protocol local --socket /tmp/bsp-launcher11679362587746797062/bsp.socket'...
Waiting for the bsp connection to come up...
[0m[32m[D][0m Loading workspace settings from bloop.settings.json
[0m[32m[D][0m Waiting for a connection at local:///tmp/bsp-launcher11679362587746797062/bsp.socket...
The server is listening for incoming connections at local:///tmp/bsp-launcher11679362587746797062/bsp.socket...
Starting thread that pumps stdin and redirects it to the bsp server...
Starting thread that pumps server stdout and redirects it to the client stdout...
[0m2021.12.25 17:03:02 INFO  tracing is disabled for protocol BSP, to enable tracing of incoming and outgoing JSON messages create an empty file at /home/andsantos/.cache/metals/bsp.trace.json[0m
[0m2021.12.25 17:03:05 INFO  time: Connected to build server in 14s[0m
[0m2021.12.25 17:03:05 INFO  Connected to Build server: Bloop v1.4.11[0m
[0m2021.12.25 17:03:06 WARN  Could not find java sources in None. Java symbols will not be available.[0m
[0m2021.12.25 17:03:07 INFO  time: indexed workspace in 2.06s[0m
[31merror[39m: src/main/scala/example/example.worksheet.sc:7:1: 
value ** is not a member of Int
x ** 2
^^^^
[0m2021.12.25 17:03:08 INFO  no build target: using presentation compiler with only scala-library: 3.0.0[0m
[0m2021.12.25 17:03:10 ERROR worksheet: /home/andsantos/scala/scala-project/src/main/scala/example/example.worksheet.sc
java.lang.IllegalArgumentException: 6 is not a valid line number, allowed [0..5]
	at scala.meta.internal.inputs.InternalInput.lineToOffset(InternalInput.scala:37)
	at scala.meta.internal.inputs.InternalInput.lineToOffset$(InternalInput.scala:32)
	at scala.meta.inputs.Input$VirtualFile.lineToOffset(Input.scala:80)
	at scala.meta.inputs.Position$Range$.apply(Position.scala:59)
	at scala.meta.internal.mtags.MtagsEnrichments$XtensionRangeLspInverse.toMeta(MtagsEnrichments.scala:121)
	at scala.meta.internal.parsing.TokenEditDistance.toRevised(TokenEditDistance.scala:58)
	at scala.meta.internal.metals.Diagnostics.toFreshDiagnostic(Diagnostics.scala:233)
	at scala.meta.internal.metals.Diagnostics.$anonfun$publishDiagnostics$3(Diagnostics.scala:201)
	at scala.meta.internal.metals.Diagnostics.$anonfun$publishDiagnostics$3$adapted(Diagnostics.scala:200)
	at scala.collection.Iterator.foreach(Iterator.scala:943)
	at scala.collection.Iterator.foreach$(Iterator.scala:943)
	at scala.collection.AbstractIterator.foreach(Iterator.scala:1431)
	at scala.collection.IterableLike.foreach(IterableLike.scala:74)
	at scala.collection.IterableLike.foreach$(IterableLike.scala:73)
	at scala.collection.AbstractIterable.foreach(Iterable.scala:56)
	at scala.meta.internal.metals.Diagnostics.publishDiagnostics(Diagnostics.scala:200)
	at scala.meta.internal.metals.Diagnostics.onPublishDiagnostics(Diagnostics.scala:155)
	at scala.meta.internal.worksheets.WorksheetProvider.scala$meta$internal$worksheets$WorksheetProvider$$evaluateWorksheet(WorksheetProvider.scala:394)
	at scala.meta.internal.worksheets.WorksheetProvider$$anon$1.liftedTree1$1(WorksheetProvider.scala:267)
	at scala.meta.internal.worksheets.WorksheetProvider$$anon$1.run(WorksheetProvider.scala:267)
[0m
[0m2021.12.25 17:03:10 INFO  time: evaluated worksheet 'example.worksheet.sc' in 3.04s[0m
[0m2021.12.25 17:03:10 INFO  time: code lens generation in 2.91s[0m
dez 25, 2021 5:03:38 PM org.eclipse.lsp4j.jsonrpc.RemoteEndpoint handleNotification
WARNING: Notification threw an exception: {
  "jsonrpc": "2.0",
  "method": "textDocument/didChange",
  "params": {
    "textDocument": {
      "version": 9,
      "uri": "file:///home/andsantos/scala/scala-project/src/main/scala/example/example.worksheet.sc"
    },
    "contentChanges": [
      {
        "text": "1 + 1\n\nval x \u003d 42\n\nx * x\n\nx ** 2\n"
      }
    ]
  }
}
java.lang.RuntimeException: java.lang.reflect.InvocationTargetException
	at org.eclipse.lsp4j.jsonrpc.services.GenericEndpoint.lambda$null$0(GenericEndpoint.java:67)
	at org.eclipse.lsp4j.jsonrpc.services.GenericEndpoint.notify(GenericEndpoint.java:152)
	at org.eclipse.lsp4j.jsonrpc.RemoteEndpoint.handleNotification(RemoteEndpoint.java:220)
	at org.eclipse.lsp4j.jsonrpc.RemoteEndpoint.consume(RemoteEndpoint.java:187)
	at org.eclipse.lsp4j.jsonrpc.json.StreamMessageProducer.handleMessage(StreamMessageProducer.java:194)
	at org.eclipse.lsp4j.jsonrpc.json.StreamMessageProducer.listen(StreamMessageProducer.java:94)
	at org.eclipse.lsp4j.jsonrpc.json.ConcurrentMessageProcessor.run(ConcurrentMessageProcessor.java:113)
	at java.base/java.util.concurrent.Executors$RunnableAdapter.call(Executors.java:515)
	at java.base/java.util.concurrent.FutureTask.run(FutureTask.java:264)
	at java.base/java.util.concurrent.ThreadPoolExecutor.runWorker(ThreadPoolExecutor.java:1128)
	at java.base/java.util.concurrent.ThreadPoolExecutor$Worker.run(ThreadPoolExecutor.java:628)
	at java.base/java.lang.Thread.run(Thread.java:829)
Caused by: java.lang.reflect.InvocationTargetException
	at java.base/jdk.internal.reflect.NativeMethodAccessorImpl.invoke0(Native Method)
	at java.base/jdk.internal.reflect.NativeMethodAccessorImpl.invoke(NativeMethodAccessorImpl.java:62)
	at java.base/jdk.internal.reflect.DelegatingMethodAccessorImpl.invoke(DelegatingMethodAccessorImpl.java:43)
	at java.base/java.lang.reflect.Method.invoke(Method.java:566)
	at org.eclipse.lsp4j.jsonrpc.services.GenericEndpoint.lambda$null$0(GenericEndpoint.java:65)
	... 11 more
Caused by: java.lang.IllegalArgumentException: 6 is not a valid line number, allowed [0..5]
	at scala.meta.internal.inputs.InternalInput.lineToOffset(InternalInput.scala:37)
	at scala.meta.internal.inputs.InternalInput.lineToOffset$(InternalInput.scala:32)
	at scala.meta.inputs.Input$VirtualFile.lineToOffset(Input.scala:80)
	at scala.meta.inputs.Position$Range$.apply(Position.scala:59)
	at scala.meta.internal.mtags.MtagsEnrichments$XtensionRangeLspInverse.toMeta(MtagsEnrichments.scala:121)
	at scala.meta.internal.parsing.TokenEditDistance.toRevised(TokenEditDistance.scala:58)
	at scala.meta.internal.metals.Diagnostics.toFreshDiagnostic(Diagnostics.scala:233)
	at scala.meta.internal.metals.Diagnostics.$anonfun$publishDiagnostics$3(Diagnostics.scala:201)
	at scala.meta.internal.metals.Diagnostics.$anonfun$publishDiagnostics$3$adapted(Diagnostics.scala:200)
	at scala.collection.Iterator.foreach(Iterator.scala:943)
	at scala.collection.Iterator.foreach$(Iterator.scala:943)
	at scala.collection.AbstractIterator.foreach(Iterator.scala:1431)
	at scala.collection.IterableLike.foreach(IterableLike.scala:74)
	at scala.collection.IterableLike.foreach$(IterableLike.scala:73)
	at scala.collection.AbstractIterable.foreach(Iterable.scala:56)
	at scala.meta.internal.metals.Diagnostics.publishDiagnostics(Diagnostics.scala:200)
	at scala.meta.internal.metals.Diagnostics.publishDiagnostics(Diagnostics.scala:164)
	at scala.meta.internal.metals.Diagnostics.didChange(Diagnostics.scala:112)
	at scala.meta.internal.metals.MetalsLanguageServer.didChange(MetalsLanguageServer.scala:1143)
	... 16 more

[31merror[39m: src/main/scala/example/example.worksheet.sc:7:1: 
value ** is not a member of Int
x ** 2
^^^^
[0m2021.12.25 17:03:38 INFO  time: evaluated worksheet 'example.worksheet.sc' in 0.13s[0m
[0m2021.12.25 17:03:46 INFO  time: evaluated worksheet 'example.worksheet.sc' in 0.33s[0m
[0m2021.12.25 17:04:08 INFO  time: evaluated worksheet 'example.worksheet.sc' in 0.31s[0m
[0m2021.12.25 17:04:15 INFO  time: code lens generation in 1.07s[0m
[0m2021.12.25 17:04:15 INFO  time: code lens generation in 1.25s[0m
[0m2021.12.25 17:04:15 INFO  time: code lens generation in 2.97s[0m
[0m2021.12.25 17:04:18 INFO  running '/usr/lib/jvm/java-11-openjdk-amd64/bin/java -Djline.terminal=jline.UnsupportedTerminal -Dsbt.log.noformat=true -Dfile.encoding=UTF-8 -jar /tmp/metals3625186005474848235/sbt-launch.jar -Dbloop.export-jar-classifiers=sources bloopInstall'[0m
[0m2021.12.25 17:04:18 INFO  [info] welcome to sbt 1.5.2 (Ubuntu Java 11.0.13)[0m
[0m2021.12.25 17:04:18 INFO  [info] loading settings for project scala-project-build-build from metals.sbt ...[0m
[0m2021.12.25 17:04:18 INFO  [info] loading project definition from /home/andsantos/scala/scala-project/project/project[0m
[0m2021.12.25 17:04:20 INFO  [info] loading settings for project scala-project-build from metals.sbt ...[0m
[0m2021.12.25 17:04:20 INFO  [info] loading project definition from /home/andsantos/scala/scala-project/project[0m
[0m2021.12.25 17:04:21 INFO  [success] Generated .bloop/scala-project-build.json[0m
[0m2021.12.25 17:04:21 INFO  [success] Total time: 1 s, completed 25 de dez de 2021 17:04:21[0m
[0m2021.12.25 17:04:22 INFO  [info] loading settings for project scala-project from build.sbt ...[0m
[0m2021.12.25 17:04:22 INFO  [info] set current project to scala-project (in build file:/home/andsantos/scala/scala-project/)[0m
[0m2021.12.25 17:04:26 INFO  [success] Generated .bloop/scala-project-test.json[0m
[0m2021.12.25 17:04:26 INFO  [success] Generated .bloop/scala-project.json[0m
[0m2021.12.25 17:04:26 INFO  [success] Total time: 3 s, completed 25 de dez de 2021 17:04:26[0m
[0m2021.12.25 17:04:26 INFO  time: ran 'sbt bloopInstall' in 8.43s[0m
[0m2021.12.25 17:04:26 INFO  Disconnecting from Bloop session...[0m
[0m2021.12.25 17:04:26 INFO  Shut down connection with build server.[0m
[0m2021.12.25 17:04:26 INFO  Shut down connection with build server.[0m
No more data in the client stdin, exiting...
No more data in the client stdin, exiting...
[0m2021.12.25 17:04:26 INFO  Attempting to connect to the build server...[0m
Starting the bsp launcher for bloop...
Opening a bsp server connection with 'bsp --protocol local --socket /tmp/bsp-launcher18326563405921747681/bsp.socket'...
Waiting for the bsp connection to come up...
No more data in the server stdin, exiting...
No more data in the server stdin, exiting...
No more data in the server stdin, exiting...
[0m[32m[D][0m Loading workspace settings from bloop.settings.json
[0m[32m[D][0m Loading 2 projects from '/home/andsantos/scala/scala-project/.bloop'...
[0m[32m[D][0m Loading project from '/home/andsantos/scala/scala-project/.bloop/scala-project.json'
[0m[32m[D][0m Loading project from '/home/andsantos/scala/scala-project/.bloop/scala-project-test.json'
[0m[32m[D][0m Cache miss for scala instance org.scala-lang:scala-compiler:3.1.0.
[0m[32m[D][0m   => /home/andsantos/.cache/coursier/v1/https/repo1.maven.org/maven2/com/fasterxml/jackson/core/jackson-annotations/2.2.3/jackson-annotations-2.2.3.jar
[0m[32m[D][0m   => /home/andsantos/.cache/coursier/v1/https/repo1.maven.org/maven2/com/fasterxml/jackson/core/jackson-core/2.9.8/jackson-core-2.9.8.jar
[0m[32m[D][0m   => /home/andsantos/.cache/coursier/v1/https/repo1.maven.org/maven2/com/fasterxml/jackson/core/jackson-databind/2.2.3/jackson-databind-2.2.3.jar
[0m[32m[D][0m   => /home/andsantos/.cache/coursier/v1/https/repo1.maven.org/maven2/com/fasterxml/jackson/dataformat/jackson-dataformat-yaml/2.9.8/jackson-dataformat-yaml-2.9.8.jar
[0m[32m[D][0m   => /home/andsantos/.cache/coursier/v1/https/repo1.maven.org/maven2/com/google/protobuf/protobuf-java/3.7.0/protobuf-java-3.7.0.jar
[0m[32m[D][0m   => /home/andsantos/.cache/coursier/v1/https/repo1.maven.org/maven2/com/vladsch/flexmark/flexmark-ext-anchorlink/0.42.12/flexmark-ext-anchorlink-0.42.12.jar
[0m[32m[D][0m   => /home/andsantos/.cache/coursier/v1/https/repo1.maven.org/maven2/com/vladsch/flexmark/flexmark-ext-autolink/0.42.12/flexmark-ext-autolink-0.42.12.jar
[0m[32m[D][0m   => /home/andsantos/.cache/coursier/v1/https/repo1.maven.org/maven2/com/vladsch/flexmark/flexmark-ext-emoji/0.42.12/flexmark-ext-emoji-0.42.12.jar
[0m[32m[D][0m   => /home/andsantos/.cache/coursier/v1/https/repo1.maven.org/maven2/com/vladsch/flexmark/flexmark-ext-gfm-strikethrough/0.42.12/flexmark-ext-gfm-strikethrough-0.42.12.jar
[0m[32m[D][0m   => /home/andsantos/.cache/coursier/v1/https/repo1.maven.org/maven2/com/vladsch/flexmark/flexmark-ext-gfm-tables/0.42.12/flexmark-ext-gfm-tables-0.42.12.jar
[0m[32m[D][0m   => /home/andsantos/.cache/coursier/v1/https/repo1.maven.org/maven2/com/vladsch/flexmark/flexmark-ext-gfm-tasklist/0.42.12/flexmark-ext-gfm-tasklist-0.42.12.jar
[0m[32m[D][0m   => /home/andsantos/.cache/coursier/v1/https/repo1.maven.org/maven2/com/vladsch/flexmark/flexmark-ext-ins/0.42.12/flexmark-ext-ins-0.42.12.jar
[0m[32m[D][0m   => /home/andsantos/.cache/coursier/v1/https/repo1.maven.org/maven2/com/vladsch/flexmark/flexmark-ext-superscript/0.42.12/flexmark-ext-superscript-0.42.12.jar
[0m[32m[D][0m   => /home/andsantos/.cache/coursier/v1/https/repo1.maven.org/maven2/com/vladsch/flexmark/flexmark-ext-tables/0.42.12/flexmark-ext-tables-0.42.12.jar
[0m[32m[D][0m   => /home/andsantos/.cache/coursier/v1/https/repo1.maven.org/maven2/com/vladsch/flexmark/flexmark-ext-wikilink/0.42.12/flexmark-ext-wikilink-0.42.12.jar
[0m[32m[D][0m   => /home/andsantos/.cache/coursier/v1/https/repo1.maven.org/maven2/com/vladsch/flexmark/flexmark-ext-yaml-front-matter/0.42.12/flexmark-ext-yaml-front-matter-0.42.12.jar
[0m[32m[D][0m   => /home/andsantos/.cache/coursier/v1/https/repo1.maven.org/maven2/com/vladsch/flexmark/flexmark-formatter/0.42.12/flexmark-formatter-0.42.12.jar
[0m[32m[D][0m   => /home/andsantos/.cache/coursier/v1/https/repo1.maven.org/maven2/com/vladsch/flexmark/flexmark-html-parser/0.42.12/flexmark-html-parser-0.42.12.jar
[0m[32m[D][0m   => /home/andsantos/.cache/coursier/v1/https/repo1.maven.org/maven2/com/vladsch/flexmark/flexmark-jira-converter/0.42.12/flexmark-jira-converter-0.42.12.jar
[0m[32m[D][0m   => /home/andsantos/.cache/coursier/v1/https/repo1.maven.org/maven2/com/vladsch/flexmark/flexmark-util/0.42.12/flexmark-util-0.42.12.jar
[0m[32m[D][0m   => /home/andsantos/.cache/coursier/v1/https/repo1.maven.org/maven2/com/vladsch/flexmark/flexmark/0.42.12/flexmark-0.42.12.jar
[0m[32m[D][0m   => /home/andsantos/.cache/coursier/v1/https/repo1.maven.org/maven2/net/java/dev/jna/jna/5.3.1/jna-5.3.1.jar
[0m[32m[D][0m   => /home/andsantos/.cache/coursier/v1/https/repo1.maven.org/maven2/nl/big-o/liqp/0.6.7/liqp-0.6.7.jar
[0m[32m[D][0m   => /home/andsantos/.cache/coursier/v1/https/repo1.maven.org/maven2/org/antlr/ST4/4.0.7/ST4-4.0.7.jar
[0m[32m[D][0m   => /home/andsantos/.cache/coursier/v1/https/repo1.maven.org/maven2/org/antlr/antlr-runtime/3.5.1/antlr-runtime-3.5.1.jar
[0m[32m[D][0m   => /home/andsantos/.cache/coursier/v1/https/repo1.maven.org/maven2/org/antlr/antlr/3.5.1/antlr-3.5.1.jar
[0m[32m[D][0m   => /home/andsantos/.cache/coursier/v1/https/repo1.maven.org/maven2/org/jline/jline-reader/3.19.0/jline-reader-3.19.0.jar
[0m[32m[D][0m   => /home/andsantos/.cache/coursier/v1/https/repo1.maven.org/maven2/org/jline/jline-terminal-jna/3.19.0/jline-terminal-jna-3.19.0.jar
[0m[32m[D][0m   => /home/andsantos/.cache/coursier/v1/https/repo1.maven.org/maven2/org/jline/jline-terminal/3.19.0/jline-terminal-3.19.0.jar
[0m[32m[D][0m   => /home/andsantos/.cache/coursier/v1/https/repo1.maven.org/maven2/org/jsoup/jsoup/1.13.1/jsoup-1.13.1.jar
[0m[32m[D][0m   => /home/andsantos/.cache/coursier/v1/https/repo1.maven.org/maven2/org/nibor/autolink/autolink/0.6.0/autolink-0.6.0.jar
[0m[32m[D][0m   => /home/andsantos/.cache/coursier/v1/https/repo1.maven.org/maven2/org/scala-lang/modules/scala-asm/9.1.0-scala-1/scala-asm-9.1.0-scala-1.jar
[0m[32m[D][0m   => /home/andsantos/.cache/coursier/v1/https/repo1.maven.org/maven2/org/scala-lang/scala-library/2.13.6/scala-library-2.13.6.jar
[0m[32m[D][0m   => /home/andsantos/.cache/coursier/v1/https/repo1.maven.org/maven2/org/scala-lang/scala3-compiler_3/3.1.0/scala3-compiler_3-3.1.0.jar
[0m[32m[D][0m   => /home/andsantos/.cache/coursier/v1/https/repo1.maven.org/maven2/org/scala-lang/scala3-interfaces/3.1.0/scala3-interfaces-3.1.0.jar
[0m[32m[D][0m   => /home/andsantos/.cache/coursier/v1/https/repo1.maven.org/maven2/org/scala-lang/scala3-library_3/3.1.0/scala3-library_3-3.1.0.jar
[0m[32m[D][0m   => /home/andsantos/.cache/coursier/v1/https/repo1.maven.org/maven2/org/scala-lang/scala3-tasty-inspector_3/3.1.0/scala3-tasty-inspector_3-3.1.0.jar
[0m[32m[D][0m   => /home/andsantos/.cache/coursier/v1/https/repo1.maven.org/maven2/org/scala-lang/scaladoc_3/3.1.0/scaladoc_3-3.1.0.jar
[0m[32m[D][0m   => /home/andsantos/.cache/coursier/v1/https/repo1.maven.org/maven2/org/scala-lang/tasty-core_3/3.1.0/tasty-core_3-3.1.0.jar
[0m[32m[D][0m   => /home/andsantos/.cache/coursier/v1/https/repo1.maven.org/maven2/org/scala-sbt/compiler-interface/1.3.5/compiler-interface-1.3.5.jar
[0m[32m[D][0m   => /home/andsantos/.cache/coursier/v1/https/repo1.maven.org/maven2/org/scala-sbt/util-interface/1.3.0/util-interface-1.3.0.jar
[0m[32m[D][0m   => /home/andsantos/.cache/coursier/v1/https/repo1.maven.org/maven2/org/yaml/snakeyaml/1.23/snakeyaml-1.23.jar
[0m[32m[D][0m Waiting for a connection at local:///tmp/bsp-launcher18326563405921747681/bsp.socket...
The server is listening for incoming connections at local:///tmp/bsp-launcher18326563405921747681/bsp.socket...
Starting thread that pumps stdin and redirects it to the bsp server...
Starting thread that pumps server stdout and redirects it to the client stdout...
[0m2021.12.25 17:04:26 INFO  tracing is disabled for protocol BSP, to enable tracing of incoming and outgoing JSON messages create an empty file at /home/andsantos/.cache/metals/bsp.trace.json[0m
[0m2021.12.25 17:04:26 INFO  Attempting to connect to the build server...[0m
Starting the bsp launcher for bloop...
Opening a bsp server connection with 'bsp --protocol local --socket /tmp/bsp-launcher10744882594986807611/bsp.socket'...
Waiting for the bsp connection to come up...
[0m[32m[D][0m Loading workspace settings from bloop.settings.json
[0m[32m[D][0m Waiting for a connection at local:///tmp/bsp-launcher10744882594986807611/bsp.socket...
The server is listening for incoming connections at local:///tmp/bsp-launcher10744882594986807611/bsp.socket...
Starting thread that pumps stdin and redirects it to the bsp server...
Starting thread that pumps server stdout and redirects it to the client stdout...
[0m2021.12.25 17:04:26 INFO  tracing is disabled for protocol BSP, to enable tracing of incoming and outgoing JSON messages create an empty file at /home/andsantos/.cache/metals/bsp.trace.json[0m
[0m2021.12.25 17:04:26 INFO  time: Connected to build server in 0.12s[0m
[0m2021.12.25 17:04:26 INFO  Connected to Build server: Bloop v1.4.11[0m
[0m2021.12.25 17:04:27 WARN  Could not find java sources in None. Java symbols will not be available.[0m
[0m2021.12.25 17:04:27 INFO  time: indexed workspace in 1.07s[0m
[0m2021.12.25 17:04:28 INFO  no build target: using presentation compiler with only scala-library: 3.1.0[0m
dez 25, 2021 5:04:55 PM org.eclipse.lsp4j.jsonrpc.RemoteEndpoint handleCancellation
WARNING: Unmatched cancel notification for request id 71
[0m2021.12.25 17:04:56 INFO  time: evaluated worksheet 'example.worksheet.sc' in 1.09s[0m
[0m2021.12.25 17:05:08 INFO  time: evaluated worksheet 'example.worksheet.sc' in 0.23s[0m
[0m2021.12.25 17:05:11 INFO  time: evaluated worksheet 'example.worksheet.sc' in 0.24s[0m
[0m2021.12.25 17:07:04 INFO  time: evaluated worksheet 'example.worksheet.sc' in 0.25s[0m
[0m2021.12.25 17:42:32 INFO  time: evaluated worksheet 'example.worksheet.sc' in 0.3s[0m
Exception in thread "pool-20-thread-1" java.util.NoSuchElementException: head of empty String
	at scala.collection.StringOps$.head$extension(StringOps.scala:1129)
	at dotty.tools.dotc.semanticdb.Scala3$StringOps$.isJavaIdent(Scala3.scala:405)
	at scala.meta.internal.pc.SemanticdbSymbols$.addName$1(SemanticdbSymbols.scala:92)
	at scala.meta.internal.pc.SemanticdbSymbols$.addDescriptor$1(SemanticdbSymbols.scala:127)
	at scala.meta.internal.pc.SemanticdbSymbols$.addSymName(SemanticdbSymbols.scala:137)
	at scala.meta.internal.pc.SemanticdbSymbols$.symbolName(SemanticdbSymbols.scala:79)
	at scala.meta.internal.pc.CompletionProvider.visit$1(CompletionProvider.scala:116)
	at scala.meta.internal.pc.CompletionProvider.$anonfun$5(CompletionProvider.scala:138)
	at scala.meta.internal.pc.CompletionProvider.enrichWithSymbolSearch$$anonfun$1(CompletionProvider.scala:70)
	at scala.collection.immutable.List.map(List.scala:250)
	at scala.meta.internal.pc.CompletionProvider.enrichWithSymbolSearch(CompletionProvider.scala:70)
	at scala.meta.internal.pc.CompletionProvider.filterInteresting(CompletionProvider.scala:138)
	at scala.meta.internal.pc.CompletionProvider.completions(CompletionProvider.scala:44)
	at scala.meta.internal.pc.ScalaPresentationCompiler.complete$$anonfun$1(ScalaPresentationCompiler.scala:166)
	at scala.meta.internal.pc.CompilerAccess.withSharedCompiler(CompilerAccess.scala:137)
	at scala.meta.internal.pc.CompilerAccess.$anonfun$1(CompilerAccess.scala:87)
	at scala.meta.internal.pc.CompilerAccess.onCompilerJobQueue$$anonfun$1(CompilerAccess.scala:197)
	at scala.meta.internal.pc.CompilerJobQueue$Job.run(CompilerJobQueue.scala:139)
	at java.base/java.util.concurrent.ThreadPoolExecutor.runWorker(ThreadPoolExecutor.java:1128)
	at java.base/java.util.concurrent.ThreadPoolExecutor$Worker.run(ThreadPoolExecutor.java:628)
	at java.base/java.lang.Thread.run(Thread.java:829)
Exception in thread "pool-20-thread-2" java.util.NoSuchElementException: head of empty String
	at scala.collection.StringOps$.head$extension(StringOps.scala:1129)
	at dotty.tools.dotc.semanticdb.Scala3$StringOps$.isJavaIdent(Scala3.scala:405)
	at scala.meta.internal.pc.SemanticdbSymbols$.addName$1(SemanticdbSymbols.scala:92)
	at scala.meta.internal.pc.SemanticdbSymbols$.addDescriptor$1(SemanticdbSymbols.scala:127)
	at scala.meta.internal.pc.SemanticdbSymbols$.addSymName(SemanticdbSymbols.scala:137)
	at scala.meta.internal.pc.SemanticdbSymbols$.symbolName(SemanticdbSymbols.scala:79)
	at scala.meta.internal.pc.CompletionProvider.visit$1(CompletionProvider.scala:116)
	at scala.meta.internal.pc.CompletionProvider.$anonfun$5(CompletionProvider.scala:138)
	at scala.meta.internal.pc.CompletionProvider.enrichWithSymbolSearch$$anonfun$1(CompletionProvider.scala:70)
	at scala.collection.immutable.List.map(List.scala:250)
	at scala.meta.internal.pc.CompletionProvider.enrichWithSymbolSearch(CompletionProvider.scala:70)
	at scala.meta.internal.pc.CompletionProvider.filterInteresting(CompletionProvider.scala:138)
	at scala.meta.internal.pc.CompletionProvider.completions(CompletionProvider.scala:44)
	at scala.meta.internal.pc.ScalaPresentationCompiler.complete$$anonfun$1(ScalaPresentationCompiler.scala:166)
	at scala.meta.internal.pc.CompilerAccess.withSharedCompiler(CompilerAccess.scala:137)
	at scala.meta.internal.pc.CompilerAccess.$anonfun$1(CompilerAccess.scala:87)
	at scala.meta.internal.pc.CompilerAccess.onCompilerJobQueue$$anonfun$1(CompilerAccess.scala:197)
	at scala.meta.internal.pc.CompilerJobQueue$Job.run(CompilerJobQueue.scala:139)
	at java.base/java.util.concurrent.ThreadPoolExecutor.runWorker(ThreadPoolExecutor.java:1128)
	at java.base/java.util.concurrent.ThreadPoolExecutor$Worker.run(ThreadPoolExecutor.java:628)
	at java.base/java.lang.Thread.run(Thread.java:829)
[31merror[39m: src/main/scala/example/example.worksheet.sc:13:3: 
missing arguments for value of type (Int, Int) => Int
  sumf
  ^^^^
[31merror[39m: src/main/scala/example/example.worksheet.sc:15:3: 
Found:    Int
Required: (Int, Int) => Int
  sum(x => x * x * x)(1, 10)
  ^^^^^^^^^^^^^^^^^^^^^^^^^^
[0m2021.12.25 17:42:45 INFO  time: evaluated worksheet 'example.worksheet.sc' in 0.16s[0m
[31merror[39m: src/main/scala/example/example.worksheet.sc:13:8: 
Not found: a
  sumf(a, b)
       ^
[31merror[39m: src/main/scala/example/example.worksheet.sc:13:11: 
Not found: b
  sumf(a, b)
          ^
[31merror[39m: src/main/scala/example/example.worksheet.sc:15:3: 
Found:    Int
Required: (Int, Int) => Int
  sum(x => x * x * x)(1, 10)
  ^^^^^^^^^^^^^^^^^^^^^^^^^^
[0m2021.12.25 17:43:23 INFO  time: evaluated worksheet 'example.worksheet.sc' in 0.1s[0m
[31merror[39m: src/main/scala/example/example.worksheet.sc:13:8: 
Not found: a
  sumf(a, b)
       ^
[31merror[39m: src/main/scala/example/example.worksheet.sc:13:11: 
Not found: b
  sumf(a, b)
          ^
[0m2021.12.25 17:43:31 INFO  time: evaluated worksheet 'example.worksheet.sc' in 92ms[0m
[0m2021.12.25 17:43:40 INFO  time: evaluated worksheet 'example.worksheet.sc' in 0.28s[0m
[0m2021.12.25 17:44:11 ERROR scalafmt: /home/andsantos/scala/scala-project/src/main/scala/example/example.worksheet.sc:15: error: [dialect scala3] : expected but ) found
def cube(x) = x * x * x
          ^[0m
[31merror[39m: src/main/scala/example/example.worksheet.sc:15:11: : expected but ) found
def cube(x) = x * x * x
          ^
[0m2021.12.25 17:44:11 INFO  time: evaluated worksheet 'example.worksheet.sc' in 0.15s[0m
[0m2021.12.25 17:44:23 INFO  time: evaluated worksheet 'example.worksheet.sc' in 0.27s[0m
[31merror[39m: src/main/scala/example/example.worksheet.sc:18:29: 
Not found: f
val f2: (Int, Int) => Int = f
                            ^
[0m2021.12.25 17:51:20 INFO  time: evaluated worksheet 'example.worksheet.sc' in 0.1s[0m
[0m2021.12.25 17:51:39 INFO  time: evaluated worksheet 'example.worksheet.sc' in 0.23s[0m
[0m2021.12.25 18:18:44 INFO  shutting down Metals[0m
[0m2021.12.25 18:18:44 INFO  Shut down connection with build server.[0m
No more data in the client stdin, exiting...
[0m2021.12.25 18:18:44 INFO  Shut down connection with build server.[0m
No more data in the server stdin, exiting...
No more data in the server stdin, exiting...
No more data in the server stdin, exiting...
No more data in the server stdin, exiting...
No more data in the client stdin, exiting...
